<html>
<head>
<title>TestNG:  Surefire test</title>
<link href="../testng.css" rel="stylesheet" type="text/css" />
<link href="../my-testng.css" rel="stylesheet" type="text/css" />

<style type="text/css">
.log { display: none;} 
.stack-trace { display: none;} 
</style>
<script type="text/javascript">
<!--
function flip(e) {
  current = e.style.display;
  if (current == 'block') {
    e.style.display = 'none';
    return 0;
  }
  else {
    e.style.display = 'block';
    return 1;
  }
}

function toggleBox(szDivId, elem, msg1, msg2)
{
  var res = -1;  if (document.getElementById) {
    res = flip(document.getElementById(szDivId));
  }
  else if (document.all) {
    // this is the way old msie versions work
    res = flip(document.all[szDivId]);
  }
  if(elem) {
    if(res == 0) elem.innerHTML = msg1; else elem.innerHTML = msg2;
  }

}

function toggleAllBoxes() {
  if (document.getElementsByTagName) {
    d = document.getElementsByTagName('div');
    for (i = 0; i < d.length; i++) {
      if (d[i].className == 'log') {
        flip(d[i]);
      }
    }
  }
}

// -->
</script>

</head>
<body>
<h2 align='center'>Surefire test</h2><table border='1' align="center">
<tr>
<td>Tests passed/Failed/Skipped:</td><td>15/1/0</td>
</tr><tr>
<td>Started on:</td><td>Mon Aug 30 15:31:21 CEST 2021</td>
</tr>
<tr><td>Total time:</td><td>108 seconds (108326 ms)</td>
</tr><tr>
<td>Included groups:</td><td></td>
</tr><tr>
<td>Excluded groups:</td><td></td>
</tr>
</table><p/>
<small><i>(Hover the method name to see the test class name)</i></small><p/>
<table width='100%' border='1' class='invocation-failed'>
<tr><td colspan='4' align='center'><b>FAILED TESTS</b></td></tr>
<tr><td><b>Test method</b></td>
<td width="30%"><b>Exception</b></td>
<td width="10%"><b>Time (seconds)</b></td>
<td><b>Instance</b></td>
</tr>
<tr>
<td title='cucumber.Options.RunCucumberTests.runScenario()'><b>runScenario</b><br>Test class: cucumber.Options.RunCucumberTests<br>Test method: Runs Cucumber Scenarios<br>Parameters: "User is not registered with Password:test@128 equal to 8 characters", "Optional[Negative E2E tests for Signup Page]"</td>
<td><div><pre>org.openqa.selenium.TimeoutException: Expected condition failed: waiting for visibility of Proxy element for: DefaultElementLocator &apos;By.className: signup__input-hint-text&apos; (tried for 3 second(s) with 500 milliseconds interval)
	at org.openqa.selenium.support.ui.WebDriverWait.timeoutException(WebDriverWait.java:95)
	at org.openqa.selenium.support.ui.FluentWait.until(FluentWait.java:272)
	at stepDefinitions.E2ETestsNegative_Steps.user_gets_error_message_for_incorrect_details(E2ETestsNegative_Steps.java:114)
	at ?.user gets error message for incorrect details &quot;password&quot; &quot;test@128&quot;(file:///C:/SnehProjects/Miro/Miro/src/test/resources/features/E2ETestsNegative.feature:54)
Caused by: org.openqa.selenium.NoSuchElementException: no such element: Unable to locate element: {&quot;method&quot;:&quot;css selector&quot;,&quot;selector&quot;:&quot;.signup__input\-hint\-text&quot;}
  (Session info: chrome=92.0.4515.159)
For documentation on this error, please visit: https://www.seleniumhq.org/exceptions/no_such_element.html
Build info: version: &apos;3.141.59&apos;, revision: &apos;e82be7d358&apos;, time: &apos;2018-11-14T08:17:03&apos;
System info: host: &apos;ABHISNEH&apos;, ip: &apos;192.168.1.106&apos;, os.name: &apos;Windows 10&apos;, os.arch: &apos;amd64&apos;, os.version: &apos;10.0&apos;, java.version: &apos;16.0.1&apos;
Driver info: org.openqa.selenium.chrome.ChromeDriver
Capabilities {acceptInsecureCerts: false, browserName: chrome, browserVersion: 92.0.4515.159, chrome: {chromedriverVersion: 92.0.4515.107 (87a818b10553..., userDataDir: C:\Users\abhij\AppData\Loca...}, goog:chromeOptions: {debuggerAddress: localhost:49975}, javascriptEnabled: true, networkConnectionEnabled: false, pageLoadStrategy: normal, platform: WINDOWS, platformName: WINDOWS, proxy: Proxy(), setWindowRect: true, strictFileInteractability: false, timeouts: {implicit: 0, pageLoad: 300000, script: 30000}, unhandledPromptBehavior: dismiss and notify, webauthn:extension:credBlob: true, webauthn:extension:largeBlob: true, webauthn:virtualAuthenticators: true}
Session ID: 2a64c584cabe3ef075fdea111c03c046
*** Element info: {Using=class name, value=signup__input-hint-text}
	at org.openqa.selenium.remote.http.W3CHttpResponseCodec.createException(W3CHttpResponseCodec.java:187)
	at org.openqa.selenium.remote.http.W3CHttpResponseCodec.decode(W3CHttpResponseCodec.java:122)
	at org.openqa.selenium.remote.http.W3CHttpResponseCodec.decode(W3CHttpResponseCodec.java:49)
	at org.openqa.selenium.remote.HttpCommandExecutor.execute(HttpCommandExecutor.java:158)
	at org.openqa.selenium.remote.service.DriverCommandExecutor.execute(DriverCommandExecutor.java:83)
	at org.openqa.selenium.remote.RemoteWebDriver.execute(RemoteWebDriver.java:552)
	at org.openqa.selenium.remote.RemoteWebDriver.findElement(RemoteWebDriver.java:323)
	at org.openqa.selenium.remote.RemoteWebDriver.findElementByClassName(RemoteWebDriver.java:412)
	at org.openqa.selenium.By$ByClassName.findElement(By.java:389)
	at org.openqa.selenium.remote.RemoteWebDriver.findElement(RemoteWebDriver.java:315)
	at org.openqa.selenium.support.pagefactory.DefaultElementLocator.findElement(DefaultElementLocator.java:69)
	at org.openqa.selenium.support.pagefactory.internal.LocatingElementHandler.invoke(LocatingElementHandler.java:38)
	at jdk.proxy2/jdk.proxy2.$Proxy33.isDisplayed(Unknown Source)
	at org.openqa.selenium.support.ui.ExpectedConditions.elementIfVisible(ExpectedConditions.java:314)
	at org.openqa.selenium.support.ui.ExpectedConditions.access$000(ExpectedConditions.java:43)
	at org.openqa.selenium.support.ui.ExpectedConditions$10.apply(ExpectedConditions.java:300)
	at org.openqa.selenium.support.ui.ExpectedConditions$10.apply(ExpectedConditions.java:297)
	at org.openqa.selenium.support.ui.FluentWait.until(FluentWait.java:249)
	at stepDefinitions.E2ETestsNegative_Steps.user_gets_error_message_for_incorrect_details(E2ETestsNegative_Steps.java:114)
	at io.cucumber.java.Invoker.doInvoke(Invoker.java:66)
	at io.cucumber.java.Invoker.invoke(Invoker.java:24)
	at io.cucumber.java.AbstractGlueDefinition.invokeMethod(AbstractGlueDefinition.java:47)
	at io.cucumber.java.JavaStepDefinition.execute(JavaStepDefinition.java:29)
	at io.cucumber.core.runner.CoreStepDefinition.execute(CoreStepDefinition.java:66)
	at io.cucumber.core.runner.PickleStepDefinitionMatch.runStep(PickleStepDefinitionMatch.java:63)
	at io.cucumber.core.runner.ExecutionMode$1.execute(ExecutionMode.java:10)
	at io.cucumber.core.runner.TestStep.executeStep(TestStep.java:92)
	at io.cucumber.core.runner.TestStep.run(TestStep.java:64)
	at io.cucumber.core.runner.PickleStepTestStep.run(PickleStepTestStep.java:51)
	at io.cucumber.core.runner.TestCase.run(TestCase.java:104)
	at io.cucumber.core.runner.Runner.runPickle(Runner.java:73)
	at io.cucumber.testng.TestNGCucumberRunner.lambda$runScenario$1(TestNGCucumberRunner.java:134)
	at io.cucumber.core.runtime.CucumberExecutionContext.runTestCase(CucumberExecutionContext.java:117)
	at io.cucumber.testng.TestNGCucumberRunner.runScenario(TestNGCucumberRunner.java:131)
	at io.cucumber.testng.AbstractTestNGCucumberTests.runScenario(AbstractTestNGCucumberTests.java:31)
	at java.base/java.util.ArrayList.forEach(ArrayList.java:1511)
... Removed 41 stack frames</pre></div><a href='#' onClick='toggleBox("stack-trace1281445260", this, "Click to show all stack frames", "Click to hide stack frames")'>Click to show all stack frames</a>
<div class='stack-trace' id='stack-trace1281445260'><pre>org.openqa.selenium.TimeoutException: Expected condition failed: waiting for visibility of Proxy element for: DefaultElementLocator &apos;By.className: signup__input-hint-text&apos; (tried for 3 second(s) with 500 milliseconds interval)
	at org.openqa.selenium.support.ui.WebDriverWait.timeoutException(WebDriverWait.java:95)
	at org.openqa.selenium.support.ui.FluentWait.until(FluentWait.java:272)
	at stepDefinitions.E2ETestsNegative_Steps.user_gets_error_message_for_incorrect_details(E2ETestsNegative_Steps.java:114)
	at ?.user gets error message for incorrect details &quot;password&quot; &quot;test@128&quot;(file:///C:/SnehProjects/Miro/Miro/src/test/resources/features/E2ETestsNegative.feature:54)
Caused by: org.openqa.selenium.NoSuchElementException: no such element: Unable to locate element: {&quot;method&quot;:&quot;css selector&quot;,&quot;selector&quot;:&quot;.signup__input\-hint\-text&quot;}
  (Session info: chrome=92.0.4515.159)
For documentation on this error, please visit: https://www.seleniumhq.org/exceptions/no_such_element.html
Build info: version: &apos;3.141.59&apos;, revision: &apos;e82be7d358&apos;, time: &apos;2018-11-14T08:17:03&apos;
System info: host: &apos;ABHISNEH&apos;, ip: &apos;192.168.1.106&apos;, os.name: &apos;Windows 10&apos;, os.arch: &apos;amd64&apos;, os.version: &apos;10.0&apos;, java.version: &apos;16.0.1&apos;
Driver info: org.openqa.selenium.chrome.ChromeDriver
Capabilities {acceptInsecureCerts: false, browserName: chrome, browserVersion: 92.0.4515.159, chrome: {chromedriverVersion: 92.0.4515.107 (87a818b10553..., userDataDir: C:\Users\abhij\AppData\Loca...}, goog:chromeOptions: {debuggerAddress: localhost:49975}, javascriptEnabled: true, networkConnectionEnabled: false, pageLoadStrategy: normal, platform: WINDOWS, platformName: WINDOWS, proxy: Proxy(), setWindowRect: true, strictFileInteractability: false, timeouts: {implicit: 0, pageLoad: 300000, script: 30000}, unhandledPromptBehavior: dismiss and notify, webauthn:extension:credBlob: true, webauthn:extension:largeBlob: true, webauthn:virtualAuthenticators: true}
Session ID: 2a64c584cabe3ef075fdea111c03c046
*** Element info: {Using=class name, value=signup__input-hint-text}
	at java.base/jdk.internal.reflect.NativeConstructorAccessorImpl.newInstance0(Native Method)
	at java.base/jdk.internal.reflect.NativeConstructorAccessorImpl.newInstance(NativeConstructorAccessorImpl.java:78)
	at java.base/jdk.internal.reflect.DelegatingConstructorAccessorImpl.newInstance(DelegatingConstructorAccessorImpl.java:45)
	at java.base/java.lang.reflect.Constructor.newInstanceWithCaller(Constructor.java:499)
	at java.base/java.lang.reflect.Constructor.newInstance(Constructor.java:480)
	at org.openqa.selenium.remote.http.W3CHttpResponseCodec.createException(W3CHttpResponseCodec.java:187)
	at org.openqa.selenium.remote.http.W3CHttpResponseCodec.decode(W3CHttpResponseCodec.java:122)
	at org.openqa.selenium.remote.http.W3CHttpResponseCodec.decode(W3CHttpResponseCodec.java:49)
	at org.openqa.selenium.remote.HttpCommandExecutor.execute(HttpCommandExecutor.java:158)
	at org.openqa.selenium.remote.service.DriverCommandExecutor.execute(DriverCommandExecutor.java:83)
	at org.openqa.selenium.remote.RemoteWebDriver.execute(RemoteWebDriver.java:552)
	at org.openqa.selenium.remote.RemoteWebDriver.findElement(RemoteWebDriver.java:323)
	at org.openqa.selenium.remote.RemoteWebDriver.findElementByClassName(RemoteWebDriver.java:412)
	at org.openqa.selenium.By$ByClassName.findElement(By.java:389)
	at org.openqa.selenium.remote.RemoteWebDriver.findElement(RemoteWebDriver.java:315)
	at org.openqa.selenium.support.pagefactory.DefaultElementLocator.findElement(DefaultElementLocator.java:69)
	at org.openqa.selenium.support.pagefactory.internal.LocatingElementHandler.invoke(LocatingElementHandler.java:38)
	at jdk.proxy2/jdk.proxy2.$Proxy33.isDisplayed(Unknown Source)
	at org.openqa.selenium.support.ui.ExpectedConditions.elementIfVisible(ExpectedConditions.java:314)
	at org.openqa.selenium.support.ui.ExpectedConditions.access$000(ExpectedConditions.java:43)
	at org.openqa.selenium.support.ui.ExpectedConditions$10.apply(ExpectedConditions.java:300)
	at org.openqa.selenium.support.ui.ExpectedConditions$10.apply(ExpectedConditions.java:297)
	at org.openqa.selenium.support.ui.FluentWait.until(FluentWait.java:249)
	at stepDefinitions.E2ETestsNegative_Steps.user_gets_error_message_for_incorrect_details(E2ETestsNegative_Steps.java:114)
	at java.base/jdk.internal.reflect.NativeMethodAccessorImpl.invoke0(Native Method)
	at java.base/jdk.internal.reflect.NativeMethodAccessorImpl.invoke(NativeMethodAccessorImpl.java:78)
	at java.base/jdk.internal.reflect.DelegatingMethodAccessorImpl.invoke(DelegatingMethodAccessorImpl.java:43)
	at java.base/java.lang.reflect.Method.invoke(Method.java:567)
	at io.cucumber.java.Invoker.doInvoke(Invoker.java:66)
	at io.cucumber.java.Invoker.invoke(Invoker.java:24)
	at io.cucumber.java.AbstractGlueDefinition.invokeMethod(AbstractGlueDefinition.java:47)
	at io.cucumber.java.JavaStepDefinition.execute(JavaStepDefinition.java:29)
	at io.cucumber.core.runner.CoreStepDefinition.execute(CoreStepDefinition.java:66)
	at io.cucumber.core.runner.PickleStepDefinitionMatch.runStep(PickleStepDefinitionMatch.java:63)
	at io.cucumber.core.runner.ExecutionMode$1.execute(ExecutionMode.java:10)
	at io.cucumber.core.runner.TestStep.executeStep(TestStep.java:92)
	at io.cucumber.core.runner.TestStep.run(TestStep.java:64)
	at io.cucumber.core.runner.PickleStepTestStep.run(PickleStepTestStep.java:51)
	at io.cucumber.core.runner.TestCase.run(TestCase.java:104)
	at io.cucumber.core.runner.Runner.runPickle(Runner.java:73)
	at io.cucumber.testng.TestNGCucumberRunner.lambda$runScenario$1(TestNGCucumberRunner.java:134)
	at io.cucumber.core.runtime.CucumberExecutionContext.runTestCase(CucumberExecutionContext.java:117)
	at io.cucumber.testng.TestNGCucumberRunner.runScenario(TestNGCucumberRunner.java:131)
	at io.cucumber.testng.AbstractTestNGCucumberTests.runScenario(AbstractTestNGCucumberTests.java:31)
	at java.base/jdk.internal.reflect.NativeMethodAccessorImpl.invoke0(Native Method)
	at java.base/jdk.internal.reflect.NativeMethodAccessorImpl.invoke(NativeMethodAccessorImpl.java:78)
	at java.base/jdk.internal.reflect.DelegatingMethodAccessorImpl.invoke(DelegatingMethodAccessorImpl.java:43)
	at java.base/java.lang.reflect.Method.invoke(Method.java:567)
	at org.testng.internal.MethodInvocationHelper.invokeMethod(MethodInvocationHelper.java:132)
	at org.testng.internal.TestInvoker.invokeMethod(TestInvoker.java:599)
	at org.testng.internal.TestInvoker.invokeTestMethod(TestInvoker.java:174)
	at org.testng.internal.MethodRunner.runInSequence(MethodRunner.java:46)
	at org.testng.internal.TestInvoker$MethodInvocationAgent.invoke(TestInvoker.java:822)
	at org.testng.internal.TestInvoker.invokeTestMethods(TestInvoker.java:147)
	at org.testng.internal.TestMethodWorker.invokeTestMethods(TestMethodWorker.java:146)
	at org.testng.internal.TestMethodWorker.run(TestMethodWorker.java:128)
	at java.base/java.util.ArrayList.forEach(ArrayList.java:1511)
	at org.testng.TestRunner.privateRun(TestRunner.java:764)
	at org.testng.TestRunner.run(TestRunner.java:585)
	at org.testng.SuiteRunner.runTest(SuiteRunner.java:384)
	at org.testng.SuiteRunner.runSequentially(SuiteRunner.java:378)
	at org.testng.SuiteRunner.privateRun(SuiteRunner.java:337)
	at org.testng.SuiteRunner.run(SuiteRunner.java:286)
	at org.testng.SuiteRunnerWorker.runSuite(SuiteRunnerWorker.java:53)
	at org.testng.SuiteRunnerWorker.run(SuiteRunnerWorker.java:96)
	at org.testng.TestNG.runSuitesSequentially(TestNG.java:1218)
	at org.testng.TestNG.runSuitesLocally(TestNG.java:1140)
	at org.testng.TestNG.runSuites(TestNG.java:1069)
	at org.testng.TestNG.run(TestNG.java:1037)
	at org.apache.maven.surefire.testng.TestNGExecutor.run(TestNGExecutor.java:136)
	at org.apache.maven.surefire.testng.TestNGDirectoryTestSuite.executeSingleClass(TestNGDirectoryTestSuite.java:112)
	at org.apache.maven.surefire.testng.TestNGDirectoryTestSuite.execute(TestNGDirectoryTestSuite.java:99)
	at org.apache.maven.surefire.testng.TestNGProvider.invoke(TestNGProvider.java:145)
	at org.apache.maven.surefire.booter.ForkedBooter.runSuitesInProcess(ForkedBooter.java:428)
	at org.apache.maven.surefire.booter.ForkedBooter.execute(ForkedBooter.java:162)
	at org.apache.maven.surefire.booter.ForkedBooter.run(ForkedBooter.java:562)
	at org.apache.maven.surefire.booter.ForkedBooter.main(ForkedBooter.java:548)
</pre></div></td>
<td>14</td>
<td>cucumber.Options.RunCucumberTests@f0f2775</td></tr>
</table><p>
<table width='100%' border='1' class='invocation-passed'>
<tr><td colspan='4' align='center'><b>PASSED TESTS</b></td></tr>
<tr><td><b>Test method</b></td>
<td width="30%"><b>Exception</b></td>
<td width="10%"><b>Time (seconds)</b></td>
<td><b>Instance</b></td>
</tr>
<tr>
<td title='cucumber.Options.RunCucumberTests.runScenario()'><b>runScenario</b><br>Test class: cucumber.Options.RunCucumberTests<br>Test method: Runs Cucumber Scenarios<br>Parameters: "User is not registered on missing mandatory sign up detail/(s): Name", "Optional[Negative E2E tests for Signup Page]"</td>
<td></td>
<td>7</td>
<td>cucumber.Options.RunCucumberTests@f0f2775</td></tr>
<tr>
<td title='cucumber.Options.RunCucumberTests.runScenario()'><b>runScenario</b><br>Test class: cucumber.Options.RunCucumberTests<br>Test method: Runs Cucumber Scenarios<br>Parameters: "User is not registered on missing mandatory sign up detail/(s): WorkEmail", "Optional[Negative E2E tests for Signup Page]"</td>
<td></td>
<td>5</td>
<td>cucumber.Options.RunCucumberTests@f0f2775</td></tr>
<tr>
<td title='cucumber.Options.RunCucumberTests.runScenario()'><b>runScenario</b><br>Test class: cucumber.Options.RunCucumberTests<br>Test method: Runs Cucumber Scenarios<br>Parameters: "User is not registered on missing mandatory sign up detail/(s): Password", "Optional[Negative E2E tests for Signup Page]"</td>
<td></td>
<td>4</td>
<td>cucumber.Options.RunCucumberTests@f0f2775</td></tr>
<tr>
<td title='cucumber.Options.RunCucumberTests.runScenario()'><b>runScenario</b><br>Test class: cucumber.Options.RunCucumberTests<br>Test method: Runs Cucumber Scenarios<br>Parameters: "User is not registered on missing mandatory sign up detail/(s): PolicyAgreement", "Optional[Negative E2E tests for Signup Page]"</td>
<td></td>
<td>5</td>
<td>cucumber.Options.RunCucumberTests@f0f2775</td></tr>
<tr>
<td title='cucumber.Options.RunCucumberTests.runScenario()'><b>runScenario</b><br>Test class: cucumber.Options.RunCucumberTests<br>Test method: Runs Cucumber Scenarios<br>Parameters: "User is not registered on missing mandatory sign up detail/(s): Name,WorkEmail,Password,PolicyAgreement", "Optional[Negative E2E tests for Signup Page]"</td>
<td></td>
<td>5</td>
<td>cucumber.Options.RunCucumberTests@f0f2775</td></tr>
<tr>
<td title='cucumber.Options.RunCucumberTests.runScenario()'><b>runScenario</b><br>Test class: cucumber.Options.RunCucumberTests<br>Test method: Runs Cucumber Scenarios<br>Parameters: "User is not registered on missing mandatory sign up detail/(s): Password,PolicyAgreement", "Optional[Negative E2E tests for Signup Page]"</td>
<td></td>
<td>5</td>
<td>cucumber.Options.RunCucumberTests@f0f2775</td></tr>
<tr>
<td title='cucumber.Options.RunCucumberTests.runScenario()'><b>runScenario</b><br>Test class: cucumber.Options.RunCucumberTests<br>Test method: Runs Cucumber Scenarios<br>Parameters: "User is not registered on missing mandatory sign up detail/(s): Name,WorkEmail,Password", "Optional[Negative E2E tests for Signup Page]"</td>
<td></td>
<td>5</td>
<td>cucumber.Options.RunCucumberTests@f0f2775</td></tr>
<tr>
<td title='cucumber.Options.RunCucumberTests.runScenario()'><b>runScenario</b><br>Test class: cucumber.Options.RunCucumberTests<br>Test method: Runs Cucumber Scenarios<br>Parameters: "User is not registered with incorrect WorkEmail:test.WorkEmail is missing @ & Domain", "Optional[Negative E2E tests for Signup Page]"</td>
<td></td>
<td>5</td>
<td>cucumber.Options.RunCucumberTests@f0f2775</td></tr>
<tr>
<td title='cucumber.Options.RunCucumberTests.runScenario()'><b>runScenario</b><br>Test class: cucumber.Options.RunCucumberTests<br>Test method: Runs Cucumber Scenarios<br>Parameters: "User is not registered with incorrect WorkEmail:test@.WorkEmail is missing Domain", "Optional[Negative E2E tests for Signup Page]"</td>
<td></td>
<td>5</td>
<td>cucumber.Options.RunCucumberTests@f0f2775</td></tr>
<tr>
<td title='cucumber.Options.RunCucumberTests.runScenario()'><b>runScenario</b><br>Test class: cucumber.Options.RunCucumberTests<br>Test method: Runs Cucumber Scenarios<br>Parameters: "User is not registered with incorrect WorkEmail:test@miro.WorkEmail is missing .com", "Optional[Negative E2E tests for Signup Page]"</td>
<td></td>
<td>6</td>
<td>cucumber.Options.RunCucumberTests@f0f2775</td></tr>
<tr>
<td title='cucumber.Options.RunCucumberTests.runScenario()'><b>runScenario</b><br>Test class: cucumber.Options.RunCucumberTests<br>Test method: Runs Cucumber Scenarios<br>Parameters: "User is not registered with incorrect WorkEmail:test.com.WorkEmail is missing @", "Optional[Negative E2E tests for Signup Page]"</td>
<td></td>
<td>4</td>
<td>cucumber.Options.RunCucumberTests@f0f2775</td></tr>
<tr>
<td title='cucumber.Options.RunCucumberTests.runScenario()'><b>runScenario</b><br>Test class: cucumber.Options.RunCucumberTests<br>Test method: Runs Cucumber Scenarios<br>Parameters: "User is not registered with Password:test less than 8 characters", "Optional[Negative E2E tests for Signup Page]"</td>
<td></td>
<td>6</td>
<td>cucumber.Options.RunCucumberTests@f0f2775</td></tr>
<tr>
<td title='cucumber.Options.RunCucumberTests.runScenario()'><b>runScenario</b><br>Test class: cucumber.Options.RunCucumberTests<br>Test method: Runs Cucumber Scenarios<br>Parameters: "User is not registered with already registered email address", "Optional[Negative E2E tests for Signup Page]"</td>
<td></td>
<td>12</td>
<td>cucumber.Options.RunCucumberTests@f0f2775</td></tr>
<tr>
<td title='cucumber.Options.RunCucumberTests.runScenario()'><b>runScenario</b><br>Test class: cucumber.Options.RunCucumberTests<br>Test method: Runs Cucumber Scenarios<br>Parameters: "User successfully navigates to the EmailConfirmation Page on entering all valid Sign-up details", "Optional[E2E tests for Signup Page]"</td>
<td></td>
<td>6</td>
<td>cucumber.Options.RunCucumberTests@f0f2775</td></tr>
<tr>
<td title='cucumber.Options.RunCucumberTests.runScenario()'><b>runScenario</b><br>Test class: cucumber.Options.RunCucumberTests<br>Test method: Runs Cucumber Scenarios<br>Parameters: "User successfully navigates to the EmailConfirmation Page on entering all mandatory Sign-up details (News&UpdateAgreement-not selected)", "Optional[E2E tests for Signup Page]"</td>
<td></td>
<td>7</td>
<td>cucumber.Options.RunCucumberTests@f0f2775</td></tr>
</table><p>
</body>
</html>